\BOOKMARK [0][-]{chapter.1}{OpenSource}{}% 1
\BOOKMARK [1][-]{section.1.1}{Pengenalan}{chapter.1}% 2
\BOOKMARK [1][-]{section.1.2}{Lisensi}{chapter.1}% 3
\BOOKMARK [1][-]{section.1.3}{Komersial}{chapter.1}% 4
\BOOKMARK [1][-]{section.1.4}{Bajakan}{chapter.1}% 5
\BOOKMARK [0][-]{chapter.2}{LinuxMintKDE}{}% 6
\BOOKMARK [1][-]{section.2.1}{Linux}{chapter.2}% 7
\BOOKMARK [1][-]{section.2.2}{KDE}{chapter.2}% 8
\BOOKMARK [1][-]{section.2.3}{Debian/Ubuntu}{chapter.2}% 9
\BOOKMARK [1][-]{section.2.4}{LinuxMint}{chapter.2}% 10
\BOOKMARK [1][-]{section.2.5}{Instalasi OS}{chapter.2}% 11
\BOOKMARK [1][-]{section.2.6}{Dolphin}{chapter.2}% 12
\BOOKMARK [1][-]{section.2.7}{Konsole}{chapter.2}% 13
\BOOKMARK [1][-]{section.2.8}{System Settings}{chapter.2}% 14
\BOOKMARK [1][-]{section.2.9}{Firefox}{chapter.2}% 15
\BOOKMARK [1][-]{section.2.10}{Kate}{chapter.2}% 16
\BOOKMARK [1][-]{section.2.11}{LibreOffice}{chapter.2}% 17
\BOOKMARK [1][-]{section.2.12}{Instalasi Paket}{chapter.2}% 18
\BOOKMARK [1][-]{section.2.13}{GIMP}{chapter.2}% 19
\BOOKMARK [1][-]{section.2.14}{Inkscape}{chapter.2}% 20
\BOOKMARK [1][-]{section.2.15}{EAGLE}{chapter.2}% 21
\BOOKMARK [0][-]{chapter.3}{Qt}{}% 22
\BOOKMARK [1][-]{section.3.1}{GCC}{chapter.3}% 23
\BOOKMARK [1][-]{section.3.2}{Qt}{chapter.3}% 24
\BOOKMARK [1][-]{section.3.3}{Qt Example}{chapter.3}% 25
\BOOKMARK [1][-]{section.3.4}{Gtk}{chapter.3}% 26
\BOOKMARK [1][-]{section.3.5}{Python}{chapter.3}% 27
\BOOKMARK [1][-]{section.3.6}{Octave}{chapter.3}% 28
